# JRE version: OpenJDK Runtime Environment Microsoft-8035246 (17.0.8+7) (build 17.0.8+7-LTS)
# Java VM: OpenJDK 64-Bit Server VM Microsoft-8035246 (17.0.8+7-LTS, mixed mode, sharing, tiered, compressed oops, compressed class ptrs, g1 gc, windows-amd64)
GC Precious Log:
 CPUs: 4 total, 4 available
 Memory: 6086M
 Large Page Support: Disabled
 NUMA Support: Disabled
 Compressed Oops: Enabled (32-bit)
 Heap Region Size: 1M
 Heap Min Capacity: 8M
 Heap Initial Capacity: 96M
 Heap Max Capacity: 2G
 Pre-touch: Disabled
 Parallel Workers: 4
 Concurrent Workers: 1
 Concurrent Refinement Workers: 4
 Periodic GC: Disabled
Heap:
 garbage-first heap   total 243712K, used 208496K [0x0000000080000000, 0x0000000100000000)
  region size 1024K, 30 young (30720K), 4 survivors (4096K)
 Metaspace       used 102811K, committed 103872K, reserved 557056K
  class space    used 14353K, committed 14848K, reserved 425984K
GC Heap History (20 events):
Event: 179.916 GC heap before
{Heap before GC invocations=67 (full 0):
 garbage-first heap   total 202752K, used 169799K [0x0000000080000000, 0x0000000100000000)
  region size 1024K, 32 young (32768K), 5 survivors (5120K)
 Metaspace       used 95226K, committed 96128K, reserved 557056K
  class space    used 13402K, committed 13824K, reserved 425984K
}
Event: 179.944 GC heap after
{Heap after GC invocations=68 (full 0):
 garbage-first heap   total 202752K, used 147456K [0x0000000080000000, 0x0000000100000000)
  region size 1024K, 4 young (4096K), 4 survivors (4096K)
 Metaspace       used 95226K, committed 96128K, reserved 557056K
  class space    used 13402K, committed 13824K, reserved 425984K
}
Event: 181.379 GC heap before
{Heap before GC invocations=68 (full 0):
 garbage-first heap   total 202752K, used 172032K [0x0000000080000000, 0x0000000100000000)
  region size 1024K, 27 young (27648K), 4 survivors (4096K)
 Metaspace       used 95506K, committed 96448K, reserved 557056K
  class space    used 13435K, committed 13888K, reserved 425984K
}
Event: 181.407 GC heap after
{Heap after GC invocations=69 (full 0):
 garbage-first heap   total 202752K, used 152149K [0x0000000080000000, 0x0000000100000000)
  region size 1024K, 4 young (4096K), 4 survivors (4096K)
 Metaspace       used 95506K, committed 96448K, reserved 557056K
  class space    used 13435K, committed 13888K, reserved 425984K
}
Event: 182.695 GC heap before
{Heap before GC invocations=69 (full 0):
 garbage-first heap   total 202752K, used 172629K [0x0000000080000000, 0x0000000100000000)
  region size 1024K, 24 young (24576K), 4 survivors (4096K)
 Metaspace       used 95660K, committed 96576K, reserved 557056K
  class space    used 13451K, committed 13888K, reserved 425984K
}
Event: 182.716 GC heap after
{Heap after GC invocations=70 (full 0):
 garbage-first heap   total 243712K, used 159408K [0x0000000080000000, 0x0000000100000000)
  region size 1024K, 3 young (3072K), 3 survivors (3072K)
 Metaspace       used 95660K, committed 96576K, reserved 557056K
  class space    used 13451K, committed 13888K, reserved 425984K
}
Event: 185.147 GC heap before
{Heap before GC invocations=70 (full 0):
 garbage-first heap   total 243712K, used 198320K [0x0000000080000000, 0x0000000100000000)
  region size 1024K, 41 young (41984K), 3 survivors (3072K)
 Metaspace       used 97552K, committed 98560K, reserved 557056K
  class space    used 13723K, committed 14208K, reserved 425984K
}
Event: 185.167 GC heap after
{Heap after GC invocations=71 (full 0):
 garbage-first heap   total 243712K, used 163636K [0x0000000080000000, 0x0000000100000000)
  region size 1024K, 6 young (6144K), 6 survivors (6144K)
 Metaspace       used 97552K, committed 98560K, reserved 557056K
  class space    used 13723K, committed 14208K, reserved 425984K
}
Event: 187.732 GC heap before
{Heap before GC invocations=71 (full 0):
 garbage-first heap   total 243712K, used 200500K [0x0000000080000000, 0x0000000100000000)
  region size 1024K, 42 young (43008K), 6 survivors (6144K)
 Metaspace       used 100693K, committed 101760K, reserved 557056K
  class space    used 14136K, committed 14656K, reserved 425984K
}
Event: 187.751 GC heap after
{Heap after GC invocations=72 (full 0):
 garbage-first heap   total 243712K, used 167296K [0x0000000080000000, 0x0000000100000000)
  region size 1024K, 4 young (4096K), 4 survivors (4096K)
 Metaspace       used 100693K, committed 101760K, reserved 557056K
  class space    used 14136K, committed 14656K, reserved 425984K
}
Event: 190.259 GC heap before
{Heap before GC invocations=72 (full 0):
 garbage-first heap   total 243712K, used 203136K [0x0000000080000000, 0x0000000100000000)
  region size 1024K, 39 young (39936K), 4 survivors (4096K)
 Metaspace       used 101406K, committed 102464K, reserved 557056K
  class space    used 14206K, committed 14720K, reserved 425984K
}
Event: 190.285 GC heap after
{Heap after GC invocations=73 (full 0):
 garbage-first heap   total 243712K, used 171729K [0x0000000080000000, 0x0000000100000000)
  region size 1024K, 5 young (5120K), 5 survivors (5120K)
 Metaspace       used 101406K, committed 102464K, reserved 557056K
  class space    used 14206K, committed 14720K, reserved 425984K
}
Event: 191.972 GC heap before
{Heap before GC invocations=73 (full 0):
 garbage-first heap   total 243712K, used 204497K [0x0000000080000000, 0x0000000100000000)
  region size 1024K, 37 young (37888K), 5 survivors (5120K)
 Metaspace       used 101628K, committed 102656K, reserved 557056K
  class space    used 14221K, committed 14720K, reserved 425984K
}
Event: 191.992 GC heap after
{Heap after GC invocations=74 (full 0):
 garbage-first heap   total 243712K, used 175831K [0x0000000080000000, 0x0000000100000000)
  region size 1024K, 4 young (4096K), 4 survivors (4096K)
 Metaspace       used 101628K, committed 102656K, reserved 557056K
  class space    used 14221K, committed 14720K, reserved 425984K
}
Event: 194.363 GC heap before
{Heap before GC invocations=74 (full 0):
 garbage-first heap   total 243712K, used 206551K [0x0000000080000000, 0x0000000100000000)
  region size 1024K, 34 young (34816K), 4 survivors (4096K)
 Metaspace       used 102329K, committed 103360K, reserved 557056K
  class space    used 14304K, committed 14784K, reserved 425984K
}
Event: 194.383 GC heap after
{Heap after GC invocations=75 (full 0):
 garbage-first heap   total 243712K, used 178152K [0x0000000080000000, 0x0000000100000000)
  region size 1024K, 3 young (3072K), 3 survivors (3072K)
 Metaspace       used 102329K, committed 103360K, reserved 557056K
  class space    used 14304K, committed 14784K, reserved 425984K
}
Event: 196.896 GC heap before
{Heap before GC invocations=75 (full 0):
 garbage-first heap   total 243712K, used 206824K [0x0000000080000000, 0x0000000100000000)
  region size 1024K, 32 young (32768K), 3 survivors (3072K)
 Metaspace       used 102705K, committed 103744K, reserved 557056K
  class space    used 14348K, committed 14848K, reserved 425984K
}
Event: 196.908 GC heap after
{Heap after GC invocations=76 (full 0):
 garbage-first heap   total 243712K, used 179624K [0x0000000080000000, 0x0000000100000000)
  region size 1024K, 2 young (2048K), 2 survivors (2048K)
 Metaspace       used 102705K, committed 103744K, reserved 557056K
  class space    used 14348K, committed 14848K, reserved 425984K
}
Event: 198.088 GC heap before
{Heap before GC invocations=76 (full 0):
 garbage-first heap   total 243712K, used 208296K [0x0000000080000000, 0x0000000100000000)
  region size 1024K, 31 young (31744K), 2 survivors (2048K)
 Metaspace       used 102811K, committed 103872K, reserved 557056K
  class space    used 14353K, committed 14848K, reserved 425984K
}
Event: 198.104 GC heap after
{Heap after GC invocations=77 (full 0):
 garbage-first heap   total 243712K, used 182896K [0x0000000080000000, 0x0000000100000000)
  region size 1024K, 4 young (4096K), 4 survivors (4096K)
 Metaspace       used 102811K, committed 103872K, reserved 557056K
  class space    used 14353K, committed 14848K, reserved 425984K
}

